{"/Users/jonathanndinga/Documents/Projects/feg-rocher-timer/lib/apiBible.ts": {"path":"/Users/jonathanndinga/Documents/Projects/feg-rocher-timer/lib/apiBible.ts","all":false,"statementMap":{"0":{"start":{"line":1,"column":0},"end":{"line":1,"column":3}},"1":{"start":{"line":2,"column":0},"end":{"line":2,"column":67}},"2":{"start":{"line":3,"column":0},"end":{"line":3,"column":40}},"3":{"start":{"line":4,"column":0},"end":{"line":4,"column":3}},"4":{"start":{"line":5,"column":0},"end":{"line":5,"column":0}},"5":{"start":{"line":6,"column":0},"end":{"line":6,"column":71}},"6":{"start":{"line":7,"column":0},"end":{"line":7,"column":44}},"7":{"start":{"line":8,"column":0},"end":{"line":8,"column":0}},"8":{"start":{"line":9,"column":0},"end":{"line":9,"column":87}},"9":{"start":{"line":10,"column":0},"end":{"line":10,"column":40}},"10":{"start":{"line":11,"column":0},"end":{"line":11,"column":15}},"11":{"start":{"line":12,"column":0},"end":{"line":12,"column":75}},"12":{"start":{"line":13,"column":0},"end":{"line":13,"column":3}},"13":{"start":{"line":14,"column":0},"end":{"line":14,"column":43}},"14":{"start":{"line":15,"column":0},"end":{"line":15,"column":32}},"15":{"start":{"line":16,"column":0},"end":{"line":16,"column":59}},"16":{"start":{"line":17,"column":0},"end":{"line":17,"column":5}},"17":{"start":{"line":18,"column":0},"end":{"line":18,"column":16}},"18":{"start":{"line":19,"column":0},"end":{"line":19,"column":56}},"19":{"start":{"line":20,"column":0},"end":{"line":20,"column":3}},"20":{"start":{"line":21,"column":0},"end":{"line":21,"column":32}},"21":{"start":{"line":22,"column":0},"end":{"line":22,"column":24}},"22":{"start":{"line":23,"column":0},"end":{"line":23,"column":1}},"23":{"start":{"line":24,"column":0},"end":{"line":24,"column":0}},"24":{"start":{"line":25,"column":0},"end":{"line":25,"column":27}},"25":{"start":{"line":26,"column":0},"end":{"line":26,"column":13}},"26":{"start":{"line":27,"column":0},"end":{"line":27,"column":15}},"27":{"start":{"line":28,"column":0},"end":{"line":28,"column":20}},"28":{"start":{"line":29,"column":0},"end":{"line":29,"column":28}},"29":{"start":{"line":30,"column":0},"end":{"line":30,"column":41}},"30":{"start":{"line":31,"column":0},"end":{"line":31,"column":1}},"31":{"start":{"line":32,"column":0},"end":{"line":32,"column":0}},"32":{"start":{"line":33,"column":0},"end":{"line":33,"column":26}},"33":{"start":{"line":34,"column":0},"end":{"line":34,"column":13}},"34":{"start":{"line":35,"column":0},"end":{"line":35,"column":15}},"35":{"start":{"line":36,"column":0},"end":{"line":36,"column":19}},"36":{"start":{"line":37,"column":0},"end":{"line":37,"column":23}},"37":{"start":{"line":38,"column":0},"end":{"line":38,"column":1}},"38":{"start":{"line":39,"column":0},"end":{"line":39,"column":0}},"39":{"start":{"line":40,"column":0},"end":{"line":40,"column":29}},"40":{"start":{"line":41,"column":0},"end":{"line":41,"column":13}},"41":{"start":{"line":42,"column":0},"end":{"line":42,"column":17}},"42":{"start":{"line":43,"column":0},"end":{"line":43,"column":17}},"43":{"start":{"line":44,"column":0},"end":{"line":44,"column":20}},"44":{"start":{"line":45,"column":0},"end":{"line":45,"column":1}},"45":{"start":{"line":46,"column":0},"end":{"line":46,"column":0}},"46":{"start":{"line":47,"column":0},"end":{"line":47,"column":31}},"47":{"start":{"line":48,"column":0},"end":{"line":48,"column":13}},"48":{"start":{"line":49,"column":0},"end":{"line":49,"column":17}},"49":{"start":{"line":50,"column":0},"end":{"line":50,"column":20}},"50":{"start":{"line":51,"column":0},"end":{"line":51,"column":20}},"51":{"start":{"line":52,"column":0},"end":{"line":52,"column":1}},"52":{"start":{"line":53,"column":0},"end":{"line":53,"column":0}},"53":{"start":{"line":54,"column":0},"end":{"line":54,"column":27}},"54":{"start":{"line":55,"column":0},"end":{"line":55,"column":13}},"55":{"start":{"line":56,"column":0},"end":{"line":56,"column":20}},"56":{"start":{"line":57,"column":0},"end":{"line":57,"column":18}},"57":{"start":{"line":58,"column":0},"end":{"line":58,"column":20}},"58":{"start":{"line":59,"column":0},"end":{"line":59,"column":1}},"59":{"start":{"line":60,"column":0},"end":{"line":60,"column":0}},"60":{"start":{"line":61,"column":0},"end":{"line":61,"column":35}},"61":{"start":{"line":62,"column":0},"end":{"line":62,"column":13}},"62":{"start":{"line":63,"column":0},"end":{"line":63,"column":20}},"63":{"start":{"line":64,"column":0},"end":{"line":64,"column":18}},"64":{"start":{"line":65,"column":0},"end":{"line":65,"column":1}},"65":{"start":{"line":66,"column":0},"end":{"line":66,"column":0}},"66":{"start":{"line":67,"column":0},"end":{"line":67,"column":34}},"67":{"start":{"line":68,"column":0},"end":{"line":68,"column":26}},"68":{"start":{"line":69,"column":0},"end":{"line":69,"column":32}},"69":{"start":{"line":70,"column":0},"end":{"line":70,"column":16}},"70":{"start":{"line":71,"column":0},"end":{"line":71,"column":1}},"71":{"start":{"line":72,"column":0},"end":{"line":72,"column":0}},"72":{"start":{"line":73,"column":0},"end":{"line":73,"column":71}},"73":{"start":{"line":74,"column":0},"end":{"line":74,"column":49}},"74":{"start":{"line":75,"column":0},"end":{"line":75,"column":13}},"75":{"start":{"line":76,"column":0},"end":{"line":76,"column":29}},"76":{"start":{"line":77,"column":0},"end":{"line":77,"column":28}},"77":{"start":{"line":78,"column":0},"end":{"line":78,"column":11}},"78":{"start":{"line":79,"column":0},"end":{"line":79,"column":66}},"79":{"start":{"line":80,"column":0},"end":{"line":80,"column":28}},"80":{"start":{"line":81,"column":0},"end":{"line":81,"column":1}},"81":{"start":{"line":82,"column":0},"end":{"line":82,"column":0}},"82":{"start":{"line":83,"column":0},"end":{"line":83,"column":25}},"83":{"start":{"line":84,"column":0},"end":{"line":84,"column":35}},"84":{"start":{"line":85,"column":0},"end":{"line":85,"column":50}},"85":{"start":{"line":86,"column":0},"end":{"line":86,"column":0}},"86":{"start":{"line":87,"column":0},"end":{"line":87,"column":33}},"87":{"start":{"line":88,"column":0},"end":{"line":88,"column":52}},"88":{"start":{"line":89,"column":0},"end":{"line":89,"column":0}},"89":{"start":{"line":90,"column":0},"end":{"line":90,"column":52}},"90":{"start":{"line":91,"column":0},"end":{"line":91,"column":74}},"91":{"start":{"line":92,"column":0},"end":{"line":92,"column":0}},"92":{"start":{"line":93,"column":0},"end":{"line":93,"column":53}},"93":{"start":{"line":94,"column":0},"end":{"line":94,"column":80}},"94":{"start":{"line":95,"column":0},"end":{"line":95,"column":0}},"95":{"start":{"line":96,"column":0},"end":{"line":96,"column":49}},"96":{"start":{"line":97,"column":0},"end":{"line":97,"column":64}},"97":{"start":{"line":98,"column":0},"end":{"line":98,"column":29}},"98":{"start":{"line":99,"column":0},"end":{"line":99,"column":31}},"99":{"start":{"line":100,"column":0},"end":{"line":100,"column":32}},"100":{"start":{"line":101,"column":0},"end":{"line":101,"column":41}},"101":{"start":{"line":102,"column":0},"end":{"line":102,"column":39}},"102":{"start":{"line":103,"column":0},"end":{"line":103,"column":7}},"103":{"start":{"line":104,"column":0},"end":{"line":104,"column":0}},"104":{"start":{"line":105,"column":0},"end":{"line":105,"column":59}},"105":{"start":{"line":106,"column":0},"end":{"line":106,"column":60}},"106":{"start":{"line":107,"column":0},"end":{"line":107,"column":12}},"107":{"start":{"line":108,"column":0},"end":{"line":108,"column":12}},"108":{"start":{"line":109,"column":0},"end":{"line":109,"column":24}},"109":{"start":{"line":110,"column":0},"end":{"line":110,"column":7}},"110":{"start":{"line":111,"column":0},"end":{"line":111,"column":2}}},"s":{"0":1,"1":1,"2":1,"3":1,"4":1,"5":1,"6":1,"7":1,"8":11,"9":11,"10":11,"11":8,"12":8,"13":11,"14":11,"15":11,"16":11,"17":11,"18":2,"19":2,"20":9,"21":9,"22":9,"23":1,"24":1,"25":1,"26":1,"27":1,"28":1,"29":1,"30":1,"31":1,"32":1,"33":1,"34":1,"35":1,"36":1,"37":1,"38":1,"39":1,"40":1,"41":1,"42":1,"43":1,"44":1,"45":1,"46":1,"47":1,"48":1,"49":1,"50":1,"51":1,"52":1,"53":1,"54":1,"55":1,"56":1,"57":1,"58":1,"59":1,"60":1,"61":1,"62":1,"63":1,"64":1,"65":1,"66":1,"67":1,"68":1,"69":1,"70":1,"71":1,"72":1,"73":1,"74":8,"75":8,"76":8,"77":8,"78":8,"79":8,"80":8,"81":1,"82":1,"83":1,"84":3,"85":1,"86":1,"87":1,"88":1,"89":1,"90":1,"91":1,"92":1,"93":1,"94":1,"95":1,"96":3,"97":3,"98":3,"99":3,"100":3,"101":3,"102":3,"103":1,"104":1,"105":2,"106":2,"107":2,"108":2,"109":2,"110":1},"branchMap":{"0":{"type":"branch","line":9,"loc":{"start":{"line":9,"column":0},"end":{"line":23,"column":1}},"locations":[{"start":{"line":9,"column":0},"end":{"line":23,"column":1}}]},"1":{"type":"branch","line":11,"loc":{"start":{"line":11,"column":14},"end":{"line":13,"column":3}},"locations":[{"start":{"line":11,"column":14},"end":{"line":13,"column":3}}]},"2":{"type":"branch","line":18,"loc":{"start":{"line":18,"column":15},"end":{"line":20,"column":3}},"locations":[{"start":{"line":18,"column":15},"end":{"line":20,"column":3}}]},"3":{"type":"branch","line":20,"loc":{"start":{"line":20,"column":2},"end":{"line":23,"column":1}},"locations":[{"start":{"line":20,"column":2},"end":{"line":23,"column":1}}]},"4":{"type":"branch","line":12,"loc":{"start":{"line":12,"column":35},"end":{"line":12,"column":75}},"locations":[{"start":{"line":12,"column":35},"end":{"line":12,"column":75}}]},"5":{"type":"branch","line":74,"loc":{"start":{"line":74,"column":7},"end":{"line":81,"column":1}},"locations":[{"start":{"line":74,"column":7},"end":{"line":81,"column":1}}]},"6":{"type":"branch","line":84,"loc":{"start":{"line":84,"column":14},"end":{"line":85,"column":50}},"locations":[{"start":{"line":84,"column":14},"end":{"line":85,"column":50}}]},"7":{"type":"branch","line":87,"loc":{"start":{"line":87,"column":13},"end":{"line":88,"column":52}},"locations":[{"start":{"line":87,"column":13},"end":{"line":88,"column":52}}]},"8":{"type":"branch","line":90,"loc":{"start":{"line":90,"column":16},"end":{"line":91,"column":74}},"locations":[{"start":{"line":90,"column":16},"end":{"line":91,"column":74}}]},"9":{"type":"branch","line":93,"loc":{"start":{"line":93,"column":14},"end":{"line":94,"column":80}},"locations":[{"start":{"line":93,"column":14},"end":{"line":94,"column":80}}]},"10":{"type":"branch","line":96,"loc":{"start":{"line":96,"column":12},"end":{"line":103,"column":7}},"locations":[{"start":{"line":96,"column":12},"end":{"line":103,"column":7}}]},"11":{"type":"branch","line":105,"loc":{"start":{"line":105,"column":10},"end":{"line":110,"column":7}},"locations":[{"start":{"line":105,"column":10},"end":{"line":110,"column":7}}]}},"b":{"0":[11],"1":[8],"2":[2],"3":[9],"4":[24],"5":[8],"6":[3],"7":[1],"8":[1],"9":[1],"10":[3],"11":[2]},"fnMap":{"0":{"name":"apiFetch","decl":{"start":{"line":9,"column":0},"end":{"line":23,"column":1}},"loc":{"start":{"line":9,"column":0},"end":{"line":23,"column":1}},"line":9},"1":{"name":"stripHtml","decl":{"start":{"line":74,"column":7},"end":{"line":81,"column":1}},"loc":{"start":{"line":74,"column":7},"end":{"line":81,"column":1}},"line":74},"2":{"name":"listBibles","decl":{"start":{"line":84,"column":14},"end":{"line":85,"column":50}},"loc":{"start":{"line":84,"column":14},"end":{"line":85,"column":50}},"line":84},"3":{"name":"listBooks","decl":{"start":{"line":87,"column":13},"end":{"line":88,"column":52}},"loc":{"start":{"line":87,"column":13},"end":{"line":88,"column":52}},"line":87},"4":{"name":"listChapters","decl":{"start":{"line":90,"column":16},"end":{"line":91,"column":74}},"loc":{"start":{"line":90,"column":16},"end":{"line":91,"column":74}},"line":90},"5":{"name":"listVerses","decl":{"start":{"line":93,"column":14},"end":{"line":94,"column":80}},"loc":{"start":{"line":93,"column":14},"end":{"line":94,"column":80}},"line":93},"6":{"name":"getVerse","decl":{"start":{"line":96,"column":12},"end":{"line":103,"column":7}},"loc":{"start":{"line":96,"column":12},"end":{"line":103,"column":7}},"line":96},"7":{"name":"search","decl":{"start":{"line":105,"column":10},"end":{"line":110,"column":7}},"loc":{"start":{"line":105,"column":10},"end":{"line":110,"column":7}},"line":105}},"f":{"0":11,"1":8,"2":3,"3":1,"4":1,"5":1,"6":3,"7":2}}
,"/Users/jonathanndinga/Documents/Projects/feg-rocher-timer/lib/mockData.ts": {"path":"/Users/jonathanndinga/Documents/Projects/feg-rocher-timer/lib/mockData.ts","all":false,"statementMap":{"0":{"start":{"line":1,"column":0},"end":{"line":1,"column":58}},"1":{"start":{"line":2,"column":0},"end":{"line":2,"column":37}},"2":{"start":{"line":3,"column":0},"end":{"line":3,"column":0}},"3":{"start":{"line":4,"column":0},"end":{"line":4,"column":52}},"4":{"start":{"line":5,"column":0},"end":{"line":5,"column":0}},"5":{"start":{"line":6,"column":0},"end":{"line":6,"column":41}},"6":{"start":{"line":7,"column":0},"end":{"line":7,"column":29}},"7":{"start":{"line":8,"column":0},"end":{"line":8,"column":167}},"8":{"start":{"line":9,"column":0},"end":{"line":9,"column":29}},"9":{"start":{"line":10,"column":0},"end":{"line":10,"column":2}},"10":{"start":{"line":11,"column":0},"end":{"line":11,"column":0}},"11":{"start":{"line":12,"column":0},"end":{"line":12,"column":42}},"12":{"start":{"line":13,"column":0},"end":{"line":13,"column":3}},"13":{"start":{"line":14,"column":0},"end":{"line":14,"column":28}},"14":{"start":{"line":15,"column":0},"end":{"line":15,"column":81}},"15":{"start":{"line":16,"column":0},"end":{"line":16,"column":31}},"16":{"start":{"line":17,"column":0},"end":{"line":17,"column":4}},"17":{"start":{"line":18,"column":0},"end":{"line":18,"column":3}},"18":{"start":{"line":19,"column":0},"end":{"line":19,"column":32}},"19":{"start":{"line":20,"column":0},"end":{"line":20,"column":65}},"20":{"start":{"line":21,"column":0},"end":{"line":21,"column":31}},"21":{"start":{"line":22,"column":0},"end":{"line":22,"column":4}},"22":{"start":{"line":23,"column":0},"end":{"line":23,"column":3}},"23":{"start":{"line":24,"column":0},"end":{"line":24,"column":31}},"24":{"start":{"line":25,"column":0},"end":{"line":25,"column":115}},"25":{"start":{"line":26,"column":0},"end":{"line":26,"column":31}},"26":{"start":{"line":27,"column":0},"end":{"line":27,"column":4}},"27":{"start":{"line":28,"column":0},"end":{"line":28,"column":3}},"28":{"start":{"line":29,"column":0},"end":{"line":29,"column":28}},"29":{"start":{"line":30,"column":0},"end":{"line":30,"column":90}},"30":{"start":{"line":31,"column":0},"end":{"line":31,"column":31}},"31":{"start":{"line":32,"column":0},"end":{"line":32,"column":4}},"32":{"start":{"line":33,"column":0},"end":{"line":33,"column":2}}},"s":{"0":1,"1":1,"2":1,"3":1,"4":1,"5":1,"6":1,"7":1,"8":1,"9":1,"10":1,"11":1,"12":1,"13":1,"14":1,"15":1,"16":1,"17":1,"18":1,"19":1,"20":1,"21":1,"22":1,"23":1,"24":1,"25":1,"26":1,"27":1,"28":1,"29":1,"30":1,"31":1,"32":1},"branchMap":{},"b":{},"fnMap":{},"f":{}}
,"/Users/jonathanndinga/Documents/Projects/feg-rocher-timer/lib/utils.ts": {"path":"/Users/jonathanndinga/Documents/Projects/feg-rocher-timer/lib/utils.ts","all":false,"statementMap":{"0":{"start":{"line":1,"column":0},"end":{"line":1,"column":45}},"1":{"start":{"line":2,"column":0},"end":{"line":2,"column":41}},"2":{"start":{"line":3,"column":0},"end":{"line":3,"column":42}},"3":{"start":{"line":4,"column":0},"end":{"line":4,"column":0}},"4":{"start":{"line":5,"column":0},"end":{"line":5,"column":45}},"5":{"start":{"line":6,"column":0},"end":{"line":6,"column":31}},"6":{"start":{"line":7,"column":0},"end":{"line":7,"column":1}},"7":{"start":{"line":8,"column":0},"end":{"line":8,"column":0}},"8":{"start":{"line":9,"column":0},"end":{"line":9,"column":53}},"9":{"start":{"line":10,"column":0},"end":{"line":10,"column":32}},"10":{"start":{"line":11,"column":0},"end":{"line":11,"column":35}},"11":{"start":{"line":12,"column":0},"end":{"line":12,"column":42}},"12":{"start":{"line":13,"column":0},"end":{"line":13,"column":21}},"13":{"start":{"line":14,"column":0},"end":{"line":14,"column":38}},"14":{"start":{"line":15,"column":0},"end":{"line":15,"column":14}},"15":{"start":{"line":16,"column":0},"end":{"line":16,"column":85}},"16":{"start":{"line":17,"column":0},"end":{"line":17,"column":3}},"17":{"start":{"line":18,"column":0},"end":{"line":18,"column":78}},"18":{"start":{"line":19,"column":0},"end":{"line":19,"column":1}},"19":{"start":{"line":20,"column":0},"end":{"line":20,"column":0}},"20":{"start":{"line":21,"column":0},"end":{"line":21,"column":77}},"21":{"start":{"line":22,"column":0},"end":{"line":22,"column":35}},"22":{"start":{"line":23,"column":0},"end":{"line":23,"column":32}},"23":{"start":{"line":24,"column":0},"end":{"line":24,"column":33}},"24":{"start":{"line":25,"column":0},"end":{"line":25,"column":33}},"25":{"start":{"line":26,"column":0},"end":{"line":26,"column":15}},"26":{"start":{"line":27,"column":0},"end":{"line":27,"column":1}},"27":{"start":{"line":28,"column":0},"end":{"line":28,"column":0}},"28":{"start":{"line":29,"column":0},"end":{"line":29,"column":78}},"29":{"start":{"line":30,"column":0},"end":{"line":30,"column":89}},"30":{"start":{"line":31,"column":0},"end":{"line":31,"column":85}},"31":{"start":{"line":32,"column":0},"end":{"line":32,"column":61}},"32":{"start":{"line":33,"column":0},"end":{"line":33,"column":64}},"33":{"start":{"line":34,"column":0},"end":{"line":34,"column":63}},"34":{"start":{"line":35,"column":0},"end":{"line":35,"column":1}},"35":{"start":{"line":36,"column":0},"end":{"line":36,"column":0}},"36":{"start":{"line":37,"column":0},"end":{"line":37,"column":38}},"37":{"start":{"line":38,"column":0},"end":{"line":38,"column":49}},"38":{"start":{"line":39,"column":0},"end":{"line":39,"column":1}}},"s":{"0":1,"1":1,"2":1,"3":1,"4":1,"5":0,"6":0,"7":1,"8":1,"9":12,"10":12,"11":12,"12":12,"13":12,"14":12,"15":5,"16":5,"17":7,"18":7,"19":1,"20":1,"21":8,"22":6,"23":8,"24":8,"25":2,"26":2,"27":1,"28":1,"29":1,"30":12,"31":12,"32":12,"33":2,"34":2,"35":1,"36":1,"37":142,"38":142},"branchMap":{"0":{"type":"branch","line":9,"loc":{"start":{"line":9,"column":7},"end":{"line":19,"column":1}},"locations":[{"start":{"line":9,"column":7},"end":{"line":19,"column":1}}]},"1":{"type":"branch","line":14,"loc":{"start":{"line":14,"column":25},"end":{"line":14,"column":35}},"locations":[{"start":{"line":14,"column":25},"end":{"line":14,"column":35}}]},"2":{"type":"branch","line":14,"loc":{"start":{"line":14,"column":29},"end":{"line":14,"column":38}},"locations":[{"start":{"line":14,"column":29},"end":{"line":14,"column":38}}]},"3":{"type":"branch","line":15,"loc":{"start":{"line":15,"column":13},"end":{"line":17,"column":3}},"locations":[{"start":{"line":15,"column":13},"end":{"line":17,"column":3}}]},"4":{"type":"branch","line":17,"loc":{"start":{"line":17,"column":2},"end":{"line":19,"column":1}},"locations":[{"start":{"line":17,"column":2},"end":{"line":19,"column":1}}]},"5":{"type":"branch","line":21,"loc":{"start":{"line":21,"column":7},"end":{"line":27,"column":1}},"locations":[{"start":{"line":21,"column":7},"end":{"line":27,"column":1}}]},"6":{"type":"branch","line":22,"loc":{"start":{"line":22,"column":22},"end":{"line":22,"column":35}},"locations":[{"start":{"line":22,"column":22},"end":{"line":22,"column":35}}]},"7":{"type":"branch","line":22,"loc":{"start":{"line":22,"column":29},"end":{"line":24,"column":18}},"locations":[{"start":{"line":22,"column":29},"end":{"line":24,"column":18}}]},"8":{"type":"branch","line":24,"loc":{"start":{"line":24,"column":18},"end":{"line":24,"column":33}},"locations":[{"start":{"line":24,"column":18},"end":{"line":24,"column":33}}]},"9":{"type":"branch","line":24,"loc":{"start":{"line":24,"column":25},"end":{"line":25,"column":17}},"locations":[{"start":{"line":24,"column":25},"end":{"line":25,"column":17}}]},"10":{"type":"branch","line":25,"loc":{"start":{"line":25,"column":17},"end":{"line":27,"column":1}},"locations":[{"start":{"line":25,"column":17},"end":{"line":27,"column":1}}]},"11":{"type":"branch","line":30,"loc":{"start":{"line":30,"column":7},"end":{"line":35,"column":1}},"locations":[{"start":{"line":30,"column":7},"end":{"line":35,"column":1}}]},"12":{"type":"branch","line":31,"loc":{"start":{"line":31,"column":37},"end":{"line":31,"column":55}},"locations":[{"start":{"line":31,"column":37},"end":{"line":31,"column":55}}]},"13":{"type":"branch","line":31,"loc":{"start":{"line":31,"column":44},"end":{"line":32,"column":20}},"locations":[{"start":{"line":31,"column":44},"end":{"line":32,"column":20}}]},"14":{"type":"branch","line":32,"loc":{"start":{"line":32,"column":6},"end":{"line":32,"column":37}},"locations":[{"start":{"line":32,"column":6},"end":{"line":32,"column":37}}]},"15":{"type":"branch","line":32,"loc":{"start":{"line":32,"column":37},"end":{"line":32,"column":55}},"locations":[{"start":{"line":32,"column":37},"end":{"line":32,"column":55}}]},"16":{"type":"branch","line":32,"loc":{"start":{"line":32,"column":44},"end":{"line":33,"column":37}},"locations":[{"start":{"line":32,"column":44},"end":{"line":33,"column":37}}]},"17":{"type":"branch","line":33,"loc":{"start":{"line":33,"column":37},"end":{"line":35,"column":1}},"locations":[{"start":{"line":33,"column":37},"end":{"line":35,"column":1}}]},"18":{"type":"branch","line":37,"loc":{"start":{"line":37,"column":7},"end":{"line":39,"column":1}},"locations":[{"start":{"line":37,"column":7},"end":{"line":39,"column":1}}]}},"b":{"0":[12],"1":[3],"2":[9],"3":[5],"4":[7],"5":[8],"6":[2],"7":[6],"8":[2],"9":[4],"10":[2],"11":[12],"12":[3],"13":[9],"14":[7],"15":[5],"16":[4],"17":[2],"18":[142]},"fnMap":{"0":{"name":"cn","decl":{"start":{"line":5,"column":7},"end":{"line":7,"column":1}},"loc":{"start":{"line":5,"column":7},"end":{"line":7,"column":1}},"line":5},"1":{"name":"formatTime","decl":{"start":{"line":9,"column":7},"end":{"line":19,"column":1}},"loc":{"start":{"line":9,"column":7},"end":{"line":19,"column":1}},"line":9},"2":{"name":"getTimerColor","decl":{"start":{"line":21,"column":7},"end":{"line":27,"column":1}},"loc":{"start":{"line":21,"column":7},"end":{"line":27,"column":1}},"line":21},"3":{"name":"timerHex","decl":{"start":{"line":30,"column":7},"end":{"line":35,"column":1}},"loc":{"start":{"line":30,"column":7},"end":{"line":35,"column":1}},"line":30},"4":{"name":"generateId","decl":{"start":{"line":37,"column":7},"end":{"line":39,"column":1}},"loc":{"start":{"line":37,"column":7},"end":{"line":39,"column":1}},"line":37}},"f":{"0":0,"1":12,"2":8,"3":12,"4":142}}
}
