TN:
SF:lib/apiBible.ts
FN:9,apiFetch
FN:74,stripHtml
FN:84,listBibles
FN:87,listBooks
FN:90,listChapters
FN:93,listVerses
FN:96,getVerse
FN:105,search
FNF:8
FNH:8
FNDA:11,apiFetch
FNDA:8,stripHtml
FNDA:3,listBibles
FNDA:1,listBooks
FNDA:1,listChapters
FNDA:1,listVerses
FNDA:3,getVerse
FNDA:2,search
DA:1,1
DA:2,1
DA:3,1
DA:4,1
DA:5,1
DA:6,1
DA:7,1
DA:8,1
DA:9,11
DA:10,11
DA:11,11
DA:12,8
DA:13,8
DA:14,11
DA:15,11
DA:16,11
DA:17,11
DA:18,11
DA:19,2
DA:20,2
DA:21,9
DA:22,9
DA:23,9
DA:24,1
DA:25,1
DA:26,1
DA:27,1
DA:28,1
DA:29,1
DA:30,1
DA:31,1
DA:32,1
DA:33,1
DA:34,1
DA:35,1
DA:36,1
DA:37,1
DA:38,1
DA:39,1
DA:40,1
DA:41,1
DA:42,1
DA:43,1
DA:44,1
DA:45,1
DA:46,1
DA:47,1
DA:48,1
DA:49,1
DA:50,1
DA:51,1
DA:52,1
DA:53,1
DA:54,1
DA:55,1
DA:56,1
DA:57,1
DA:58,1
DA:59,1
DA:60,1
DA:61,1
DA:62,1
DA:63,1
DA:64,1
DA:65,1
DA:66,1
DA:67,1
DA:68,1
DA:69,1
DA:70,1
DA:71,1
DA:72,1
DA:73,1
DA:74,1
DA:75,8
DA:76,8
DA:77,8
DA:78,8
DA:79,8
DA:80,8
DA:81,8
DA:82,1
DA:83,1
DA:84,1
DA:85,3
DA:86,1
DA:87,1
DA:88,1
DA:89,1
DA:90,1
DA:91,1
DA:92,1
DA:93,1
DA:94,1
DA:95,1
DA:96,1
DA:97,3
DA:98,3
DA:99,3
DA:100,3
DA:101,3
DA:102,3
DA:103,3
DA:104,1
DA:105,1
DA:106,2
DA:107,2
DA:108,2
DA:109,2
DA:110,2
DA:111,1
LF:111
LH:111
BRDA:9,0,0,11
BRDA:11,1,0,8
BRDA:18,2,0,2
BRDA:20,3,0,9
BRDA:12,4,0,24
BRDA:74,5,0,8
BRDA:84,6,0,3
BRDA:87,7,0,1
BRDA:90,8,0,1
BRDA:93,9,0,1
BRDA:96,10,0,3
BRDA:105,11,0,2
BRF:12
BRH:12
end_of_record
TN:
SF:lib/mockData.ts
FNF:0
FNH:0
DA:1,1
DA:2,1
DA:3,1
DA:4,1
DA:5,1
DA:6,1
DA:7,1
DA:8,1
DA:9,1
DA:10,1
DA:11,1
DA:12,1
DA:13,1
DA:14,1
DA:15,1
DA:16,1
DA:17,1
DA:18,1
DA:19,1
DA:20,1
DA:21,1
DA:22,1
DA:23,1
DA:24,1
DA:25,1
DA:26,1
DA:27,1
DA:28,1
DA:29,1
DA:30,1
DA:31,1
DA:32,1
DA:33,1
LF:33
LH:33
BRF:0
BRH:0
end_of_record
TN:
SF:lib/utils.ts
FN:5,cn
FN:9,formatTime
FN:21,getTimerColor
FN:30,timerHex
FN:37,generateId
FNF:5
FNH:4
FNDA:0,cn
FNDA:12,formatTime
FNDA:8,getTimerColor
FNDA:12,timerHex
FNDA:142,generateId
DA:1,1
DA:2,1
DA:3,1
DA:4,1
DA:5,1
DA:6,0
DA:7,0
DA:8,1
DA:9,1
DA:10,12
DA:11,12
DA:12,12
DA:13,12
DA:14,12
DA:15,12
DA:16,5
DA:17,5
DA:18,7
DA:19,7
DA:20,1
DA:21,1
DA:22,8
DA:23,6
DA:24,8
DA:25,8
DA:26,2
DA:27,2
DA:28,1
DA:29,1
DA:30,1
DA:31,12
DA:32,12
DA:33,12
DA:34,2
DA:35,2
DA:36,1
DA:37,1
DA:38,142
DA:39,142
LF:39
LH:37
BRDA:9,0,0,12
BRDA:14,1,0,3
BRDA:14,2,0,9
BRDA:15,3,0,5
BRDA:17,4,0,7
BRDA:21,5,0,8
BRDA:22,6,0,2
BRDA:22,7,0,6
BRDA:24,8,0,2
BRDA:24,9,0,4
BRDA:25,10,0,2
BRDA:30,11,0,12
BRDA:31,12,0,3
BRDA:31,13,0,9
BRDA:32,14,0,7
BRDA:32,15,0,5
BRDA:32,16,0,4
BRDA:33,17,0,2
BRDA:37,18,0,142
BRF:19
BRH:19
end_of_record
